<?xml version="1.0" encoding="UTF-8"?>
<!-- Generated by org.testng.reporters.JUnitReportReporter -->
<testsuite hostname="ritika-Lenovo-ideapad-320-15IKB" name="fbdemo.AppTest" tests="1" failures="0" timestamp="6 Aug 2019 04:29:33 GMT" time="0.004" errors="0">
  <testcase name="testApp" time="0.004" classname="fbdemo.AppTest"/>
</testsuite> <!-- fbdemo.AppTest -->
